<?xml version="1.0" encoding="UTF-8"?>
<!-- Generated by org.testng.reporters.JUnitReportReporter -->
<testsuite hostname="SarthakThinkpad" failures="0" tests="4" name="com.tutorialsninja.qa.testcases.RegisterTest" time="33.001" errors="0" timestamp="2023-05-27T12:25:54 GMT-04:00" skipped="0">
  <testcase classname="com.tutorialsninja.qa.testcases.RegisterTest" name="registerAccountWithMandatoryFields" time="7.885"/>
  <system-out/>
  <testcase classname="com.tutorialsninja.qa.testcases.RegisterTest" name="registerAccountWithExistingEmail" time="8.577"/>
  <system-out/>
  <testcase classname="com.tutorialsninja.qa.testcases.RegisterTest" name="registerAccountWithAllFields" time="10.040"/>
  <system-out/>
  <testcase classname="com.tutorialsninja.qa.testcases.RegisterTest" name="registerAccountWithNoFields" time="6.499"/>
  <system-out/>
</testsuite> <!-- com.tutorialsninja.qa.testcases.RegisterTest -->
